"Deploying ASA: minimumASA":
    asset-index: 1
    confirmed-round: 4456
    pool-error: ""
    sender-rewards: 444000000000
    txn:
        sig:
            type: Buffer
            data:
                - 213
                - 81
                - 124
                - 252
                - 17
                - 3
                - 226
                - 221
                - 31
                - 85
                - 16
                - 254
                - 40
                - 95
                - 77
                - 57
                - 136
                - 86
                - 88
                - 73
                - 213
                - 32
                - 114
                - 87
                - 79
                - 151
                - 38
                - 217
                - 35
                - 31
                - 46
                - 169
                - 108
                - 133
                - 117
                - 143
                - 232
                - 122
                - 35
                - 181
                - 244
                - 248
                - 74
                - 1
                - 203
                - 229
                - 188
                - 63
                - 68
                - 134
                - 167
                - 33
                - 197
                - 166
                - 65
                - 162
                - 31
                - 254
                - 109
                - 80
                - 36
                - 175
                - 196
                - 1
        txn:
            apar:
                an: minimumASA
                t: 1
                un: unitName
            fee: 230000
            fv: 4454
            gen: sandnet-v1
            gh:
                type: Buffer
                data:
                    - 114
                    - 172
                    - 16
                    - 198
                    - 49
                    - 182
                    - 33
                    - 111
                    - 217
                    - 0
                    - 145
                    - 12
                    - 38
                    - 21
                    - 161
                    - 241
                    - 51
                    - 244
                    - 175
                    - 101
                    - 117
                    - 66
                    - 199
                    - 224
                    - 236
                    - 34
                    - 96
                    - 212
                    - 164
                    - 110
                    - 95
                    - 111
            lv: 5454
            snd:
                type: Buffer
                data:
                    - 5
                    - 0
                    - 45
                    - 10
                    - 222
                    - 13
                    - 38
                    - 137
                    - 247
                    - 141
                    - 177
                    - 229
                    - 59
                    - 108
                    - 72
                    - 203
                    - 54
                    - 3
                    - 93
                    - 7
                    - 15
                    - 162
                    - 25
                    - 9
                    - 6
                    - 47
                    - 33
                    - 207
                    - 119
                    - 206
                    - 202
                    - 128
            type: acfg
