"Deploying ASA: minimumASA1":
    asset-index: 2
    confirmed-round: 4458
    pool-error: ""
    txn:
        sig:
            type: Buffer
            data:
                - 246
                - 110
                - 130
                - 186
                - 1
                - 254
                - 25
                - 221
                - 15
                - 134
                - 0
                - 67
                - 146
                - 219
                - 56
                - 16
                - 241
                - 236
                - 119
                - 236
                - 233
                - 169
                - 135
                - 155
                - 30
                - 109
                - 7
                - 34
                - 44
                - 159
                - 141
                - 223
                - 56
                - 223
                - 66
                - 166
                - 83
                - 213
                - 38
                - 49
                - 15
                - 62
                - 130
                - 110
                - 228
                - 200
                - 86
                - 127
                - 233
                - 202
                - 63
                - 255
                - 54
                - 44
                - 229
                - 177
                - 136
                - 100
                - 144
                - 129
                - 180
                - 26
                - 142
                - 0
        txn:
            apar:
                an: minimumASA1
                t: 1
                un: unitName
            fee: 2290
            fv: 4456
            gen: sandnet-v1
            gh:
                type: Buffer
                data:
                    - 114
                    - 172
                    - 16
                    - 198
                    - 49
                    - 182
                    - 33
                    - 111
                    - 217
                    - 0
                    - 145
                    - 12
                    - 38
                    - 21
                    - 161
                    - 241
                    - 51
                    - 244
                    - 175
                    - 101
                    - 117
                    - 66
                    - 199
                    - 224
                    - 236
                    - 34
                    - 96
                    - 212
                    - 164
                    - 110
                    - 95
                    - 111
            lv: 5456
            snd:
                type: Buffer
                data:
                    - 5
                    - 0
                    - 45
                    - 10
                    - 222
                    - 13
                    - 38
                    - 137
                    - 247
                    - 141
                    - 177
                    - 229
                    - 59
                    - 108
                    - 72
                    - 203
                    - 54
                    - 3
                    - 93
                    - 7
                    - 15
                    - 162
                    - 25
                    - 9
                    - 6
                    - 47
                    - 33
                    - 207
                    - 119
                    - 206
                    - 202
                    - 128
            type: acfg
