"Deploying ASA: allFieldASA":
    asset-index: 3
    confirmed-round: 4460
    pool-error: ""
    txn:
        sig:
            type: Buffer
            data:
                - 58
                - 39
                - 109
                - 176
                - 34
                - 36
                - 250
                - 170
                - 16
                - 161
                - 247
                - 87
                - 11
                - 118
                - 171
                - 158
                - 163
                - 99
                - 235
                - 96
                - 193
                - 167
                - 172
                - 56
                - 95
                - 12
                - 193
                - 129
                - 151
                - 150
                - 134
                - 180
                - 41
                - 112
                - 240
                - 198
                - 231
                - 208
                - 111
                - 34
                - 105
                - 150
                - 116
                - 89
                - 26
                - 74
                - 50
                - 251
                - 155
                - 196
                - 26
                - 224
                - 231
                - 170
                - 117
                - 124
                - 80
                - 154
                - 75
                - 96
                - 33
                - 184
                - 112
                - 4
        txn:
            apar:
                am:
                    type: Buffer
                    data:
                        - 49
                        - 50
                        - 51
                        - 49
                        - 50
                        - 52
                        - 52
                        - 50
                        - 49
                        - 52
                        - 50
                        - 49
                        - 52
                        - 49
                        - 50
                        - 52
                        - 49
                        - 50
                        - 52
                        - 52
                        - 52
                        - 52
                        - 52
                        - 52
                        - 49
                        - 49
                        - 49
                        - 49
                        - 49
                        - 49
                        - 51
                        - 51
                an: allFieldASA
                au: url
                c:
                    type: Buffer
                    data:
                        - 181
                        - 176
                        - 219
                        - 238
                        - 106
                        - 134
                        - 42
                        - 72
                        - 146
                        - 178
                        - 183
                        - 161
                        - 7
                        - 238
                        - 87
                        - 145
                        - 92
                        - 34
                        - 110
                        - 74
                        - 164
                        - 136
                        - 138
                        - 167
                        - 248
                        - 1
                        - 168
                        - 242
                        - 0
                        - 77
                        - 71
                        - 104
                df: true
                f:
                    type: Buffer
                    data:
                        - 181
                        - 176
                        - 219
                        - 238
                        - 106
                        - 134
                        - 42
                        - 72
                        - 146
                        - 178
                        - 183
                        - 161
                        - 7
                        - 238
                        - 87
                        - 145
                        - 92
                        - 34
                        - 110
                        - 74
                        - 164
                        - 136
                        - 138
                        - 167
                        - 248
                        - 1
                        - 168
                        - 242
                        - 0
                        - 77
                        - 71
                        - 104
                m:
                    type: Buffer
                    data:
                        - 181
                        - 176
                        - 219
                        - 238
                        - 106
                        - 134
                        - 42
                        - 72
                        - 146
                        - 178
                        - 183
                        - 161
                        - 7
                        - 238
                        - 87
                        - 145
                        - 92
                        - 34
                        - 110
                        - 74
                        - 164
                        - 136
                        - 138
                        - 167
                        - 248
                        - 1
                        - 168
                        - 242
                        - 0
                        - 77
                        - 71
                        - 104
                r:
                    type: Buffer
                    data:
                        - 181
                        - 176
                        - 219
                        - 238
                        - 106
                        - 134
                        - 42
                        - 72
                        - 146
                        - 178
                        - 183
                        - 161
                        - 7
                        - 238
                        - 87
                        - 145
                        - 92
                        - 34
                        - 110
                        - 74
                        - 164
                        - 136
                        - 138
                        - 167
                        - 248
                        - 1
                        - 168
                        - 242
                        - 0
                        - 77
                        - 71
                        - 104
                t: 1
                un: unitName
            fee: 4350
            fv: 4458
            gen: sandnet-v1
            gh:
                type: Buffer
                data:
                    - 114
                    - 172
                    - 16
                    - 198
                    - 49
                    - 182
                    - 33
                    - 111
                    - 217
                    - 0
                    - 145
                    - 12
                    - 38
                    - 21
                    - 161
                    - 241
                    - 51
                    - 244
                    - 175
                    - 101
                    - 117
                    - 66
                    - 199
                    - 224
                    - 236
                    - 34
                    - 96
                    - 212
                    - 164
                    - 110
                    - 95
                    - 111
            lv: 5458
            note:
                type: Buffer
                data:
                    - 110
                    - 111
                    - 116
                    - 101
                    - 98
                    - 54
                    - 52
            snd:
                type: Buffer
                data:
                    - 5
                    - 0
                    - 45
                    - 10
                    - 222
                    - 13
                    - 38
                    - 137
                    - 247
                    - 141
                    - 177
                    - 229
                    - 59
                    - 108
                    - 72
                    - 203
                    - 54
                    - 3
                    - 93
                    - 7
                    - 15
                    - 162
                    - 25
                    - 9
                    - 6
                    - 47
                    - 33
                    - 207
                    - 119
                    - 206
                    - 202
                    - 128
            type: acfg
