"Funding Contract: II75XSDNKLRIZ2SNP3S6CAWI7CO2GNB4HSWFRUNL67UUIQ6PPZ3TOSG3BE\nLsig: II75XSDNKLRIZ2SNP3S6CAWI7CO2GNB4HSWFRUNL67UUIQ6PPZ3TOSG3BE":
    confirmed-round: 4462
    pool-error: ""
    txn:
        sig:
            type: Buffer
            data:
                - 4
                - 59
                - 43
                - 5
                - 136
                - 6
                - 252
                - 184
                - 218
                - 217
                - 117
                - 191
                - 45
                - 211
                - 36
                - 254
                - 138
                - 214
                - 53
                - 22
                - 165
                - 16
                - 248
                - 88
                - 232
                - 128
                - 195
                - 101
                - 55
                - 222
                - 187
                - 175
                - 237
                - 4
                - 141
                - 200
                - 95
                - 72
                - 110
                - 95
                - 249
                - 163
                - 64
                - 83
                - 28
                - 57
                - 24
                - 245
                - 58
                - 42
                - 183
                - 55
                - 149
                - 138
                - 55
                - 100
                - 196
                - 32
                - 191
                - 253
                - 161
                - 233
                - 154
                - 5
        txn:
            amt: 20000000
            fee: 241000
            fv: 4460
            gen: sandnet-v1
            gh:
                type: Buffer
                data:
                    - 114
                    - 172
                    - 16
                    - 198
                    - 49
                    - 182
                    - 33
                    - 111
                    - 217
                    - 0
                    - 145
                    - 12
                    - 38
                    - 21
                    - 161
                    - 241
                    - 51
                    - 244
                    - 175
                    - 101
                    - 117
                    - 66
                    - 199
                    - 224
                    - 236
                    - 34
                    - 96
                    - 212
                    - 164
                    - 110
                    - 95
                    - 111
            lv: 5460
            rcv:
                type: Buffer
                data:
                    - 66
                    - 63
                    - 219
                    - 200
                    - 109
                    - 82
                    - 226
                    - 140
                    - 234
                    - 77
                    - 126
                    - 229
                    - 225
                    - 2
                    - 200
                    - 248
                    - 157
                    - 163
                    - 52
                    - 60
                    - 60
                    - 172
                    - 88
                    - 209
                    - 171
                    - 247
                    - 233
                    - 68
                    - 67
                    - 207
                    - 126
                    - 119
            snd:
                type: Buffer
                data:
                    - 5
                    - 0
                    - 45
                    - 10
                    - 222
                    - 13
                    - 38
                    - 137
                    - 247
                    - 141
                    - 177
                    - 229
                    - 59
                    - 108
                    - 72
                    - 203
                    - 54
                    - 3
                    - 93
                    - 7
                    - 15
                    - 162
                    - 25
                    - 9
                    - 6
                    - 47
                    - 33
                    - 207
                    - 119
                    - 206
                    - 202
                    - 128
            type: pay
