"Funding Contract: GN5VUIE4D7WCYFLZK5LPQCL4Z66Y2RIIVCUG3U7FK4W5TKQSLK2G7V6TGY\nLsig: GN5VUIE4D7WCYFLZK5LPQCL4Z66Y2RIIVCUG3U7FK4W5TKQSLK2G7V6TGY":
    confirmed-round: 4464
    pool-error: ""
    txn:
        sig:
            type: Buffer
            data:
                - 182
                - 138
                - 22
                - 133
                - 221
                - 21
                - 227
                - 6
                - 95
                - 87
                - 139
                - 41
                - 19
                - 0
                - 95
                - 27
                - 107
                - 149
                - 208
                - 214
                - 61
                - 209
                - 84
                - 171
                - 152
                - 57
                - 173
                - 10
                - 43
                - 93
                - 206
                - 71
                - 162
                - 120
                - 32
                - 35
                - 123
                - 254
                - 177
                - 185
                - 199
                - 160
                - 115
                - 250
                - 139
                - 61
                - 169
                - 88
                - 242
                - 1
                - 90
                - 232
                - 57
                - 31
                - 161
                - 112
                - 122
                - 193
                - 237
                - 184
                - 199
                - 7
                - 216
                - 8
        txn:
            amt: 20000000
            fee: 1000
            fv: 4462
            gen: sandnet-v1
            gh:
                type: Buffer
                data:
                    - 114
                    - 172
                    - 16
                    - 198
                    - 49
                    - 182
                    - 33
                    - 111
                    - 217
                    - 0
                    - 145
                    - 12
                    - 38
                    - 21
                    - 161
                    - 241
                    - 51
                    - 244
                    - 175
                    - 101
                    - 117
                    - 66
                    - 199
                    - 224
                    - 236
                    - 34
                    - 96
                    - 212
                    - 164
                    - 110
                    - 95
                    - 111
            lv: 5462
            rcv:
                type: Buffer
                data:
                    - 51
                    - 123
                    - 90
                    - 32
                    - 156
                    - 31
                    - 236
                    - 44
                    - 21
                    - 121
                    - 87
                    - 86
                    - 248
                    - 9
                    - 124
                    - 207
                    - 189
                    - 141
                    - 69
                    - 8
                    - 168
                    - 168
                    - 109
                    - 211
                    - 229
                    - 87
                    - 45
                    - 217
                    - 170
                    - 18
                    - 90
                    - 180
            snd:
                type: Buffer
                data:
                    - 5
                    - 0
                    - 45
                    - 10
                    - 222
                    - 13
                    - 38
                    - 137
                    - 247
                    - 141
                    - 177
                    - 229
                    - 59
                    - 108
                    - 72
                    - 203
                    - 54
                    - 3
                    - 93
                    - 7
                    - 15
                    - 162
                    - 25
                    - 9
                    - 6
                    - 47
                    - 33
                    - 207
                    - 119
                    - 206
                    - 202
                    - 128
            type: pay
